<?xml version="1.0" encoding="UTF-8"?>
<!-- Generated by org.testng.reporters.JUnitXMLReporter -->
<testsuite ignored="0" hostname="DESKTOP-V8L1JQM" failures="0" tests="3" name="Command line test" time="17.322" errors="0" timestamp="2022-06-13T15:53:16 EEST">
  <testcase classname="com.lab.selenium.FirstTest" name="checkThatUrlContainsKeyword" time="5.706"/>
  <testcase classname="com.lab.selenium.FirstTest" name="checkThatUrlNotContainsKeyword" time="3.692"/>
  <testcase classname="com.lab.selenium.FirstTest" name="test" time="7.89"/>
</testsuite> <!-- Command line test -->
