<?xml version="1.0" encoding="UTF-8"?>
<testng-results ignored="0" total="1" passed="1" failed="0" skipped="0">
  <reporter-output>
  </reporter-output>
  <suite started-at="2022-06-11T08:43:20 EEST" name="com.lab.selenium.FirstTest" finished-at="2022-06-11T08:43:30 EEST" duration-ms="10080">
    <groups>
    </groups>
    <test started-at="2022-06-11T08:43:20 EEST" name="Command line test" finished-at="2022-06-11T08:43:30 EEST" duration-ms="10080">
      <class name="com.lab.selenium.FirstTest">
        <test-method signature="test()[pri:0, instance:com.lab.selenium.FirstTest@22555ebf]" started-at="2022-06-11T08:43:20 EEST" name="test" finished-at="2022-06-11T08:43:30 EEST" duration-ms="10023" status="PASS">
          <reporter-output>
          </reporter-output>
        </test-method> <!-- test -->
      </class> <!-- com.lab.selenium.FirstTest -->
    </test> <!-- Command line test -->
  </suite> <!-- com.lab.selenium.FirstTest -->
</testng-results>
