<?xml version="1.0" encoding="UTF-8"?>
<testng-results ignored="0" total="3" passed="3" failed="0" skipped="0">
  <reporter-output>
  </reporter-output>
  <suite started-at="2022-06-13T15:52:59 EEST" name="com.lab.selenium.FirstTest" finished-at="2022-06-13T15:53:16 EEST" duration-ms="17322">
    <groups>
    </groups>
    <test started-at="2022-06-13T15:52:59 EEST" name="Command line test" finished-at="2022-06-13T15:53:16 EEST" duration-ms="17322">
      <class name="com.lab.selenium.FirstTest">
        <test-method signature="checkThatUrlContainsKeyword()[pri:0, instance:com.lab.selenium.FirstTest@45752059]" started-at="2022-06-13T15:52:59 EEST" name="checkThatUrlContainsKeyword" finished-at="2022-06-13T15:53:04 EEST" duration-ms="5706" status="PASS">
          <reporter-output>
          </reporter-output>
        </test-method> <!-- checkThatUrlContainsKeyword -->
        <test-method signature="checkThatUrlNotContainsKeyword()[pri:0, instance:com.lab.selenium.FirstTest@45752059]" started-at="2022-06-13T15:53:04 EEST" name="checkThatUrlNotContainsKeyword" finished-at="2022-06-13T15:53:08 EEST" duration-ms="3692" status="PASS">
          <reporter-output>
          </reporter-output>
        </test-method> <!-- checkThatUrlNotContainsKeyword -->
        <test-method signature="test()[pri:0, instance:com.lab.selenium.FirstTest@45752059]" started-at="2022-06-13T15:53:08 EEST" name="test" finished-at="2022-06-13T15:53:16 EEST" duration-ms="7890" status="PASS">
          <reporter-output>
          </reporter-output>
        </test-method> <!-- test -->
      </class> <!-- com.lab.selenium.FirstTest -->
    </test> <!-- Command line test -->
  </suite> <!-- com.lab.selenium.FirstTest -->
</testng-results>
